<?xml version="1.0" encoding="UTF-8"?>
<!-- Generated by org.testng.reporters.JUnitReportReporter -->
<testsuite hostname="ubuntup51" failures="0" tests="2" name="autoLessons.DP_Indices" time="0.013" errors="0" timestamp="2023-11-21T07:36:12 PST" skipped="0">
  <testcase classname="autoLessons.DP_Indices" name="DP_Test" time="0.002"/>
  <testcase classname="autoLessons.DP_Indices" name="DP_Test" time="0.011"/>
</testsuite> <!-- autoLessons.DP_Indices -->
