<?xml version="1.0" encoding="UTF-8"?>
<!-- Generated by org.testng.reporters.JUnitReportReporter -->
<testsuite hostname="ubuntup51" failures="0" tests="1" name="autoLessons.DP_Test" time="10.915" errors="0" timestamp="2023-11-16T12:18:15 PST" skipped="0">
  <testcase classname="autoLessons.DP_Test" name="LoginTest" time="10.915"/>
</testsuite> <!-- autoLessons.DP_Test -->
