<?xml version="1.0" encoding="UTF-8"?>
<!-- Generated by org.testng.reporters.JUnitReportReporter -->
<testsuite hostname="ubuntup51" failures="0" tests="2" name="autoLessons.DP_Test" time="16.581" errors="0" timestamp="2023-11-20T09:50:20 PST" skipped="0">
  <testcase classname="autoLessons.DP_Test" name="LoginTest" time="8.934"/>
  <testcase classname="autoLessons.DP_Test" name="LoginTest" time="7.647"/>
</testsuite> <!-- autoLessons.DP_Test -->
