<?xml version="1.0" encoding="UTF-8"?>
<!-- Generated by org.testng.reporters.JUnitReportReporter -->
<testsuite hostname="ubuntup51" failures="0" tests="1" name="autoLessons.DP_Test" time="10.505" errors="0" timestamp="2023-11-18T08:39:08 PST" skipped="0">
  <testcase classname="autoLessons.DP_Test" name="LoginTest" time="10.505"/>
</testsuite> <!-- autoLessons.DP_Test -->
