<?xml version="1.0" encoding="UTF-8"?>
<!-- Generated by org.testng.reporters.JUnitReportReporter -->
<testsuite hostname="ubuntup51" failures="0" tests="2" name="autoLessons.DP_Indices" time="0.011" errors="0" timestamp="2023-11-17T10:50:52 PST" skipped="0">
  <testcase classname="autoLessons.DP_Indices" name="DP_Test" time="0.010"/>
  <testcase classname="autoLessons.DP_Indices" name="DP_Test" time="0.001"/>
</testsuite> <!-- autoLessons.DP_Indices -->
