<?xml version="1.0" encoding="UTF-8"?>
<!-- Generated by org.testng.reporters.JUnitReportReporter -->
<testsuite hostname="ubuntup51" failures="0" tests="2" name="autoLessons.DataSupplier_Test" time="0.010" errors="0" timestamp="2023-11-17T11:11:52 PST" skipped="0">
  <testcase classname="autoLessons.DataSupplier_Test" name="DP_Test" time="0.008"/>
  <testcase classname="autoLessons.DataSupplier_Test" name="DP_Test" time="0.002"/>
</testsuite> <!-- autoLessons.DataSupplier_Test -->
