<?xml version="1.0" encoding="UTF-8"?>
<!-- Generated by org.testng.reporters.JUnitReportReporter -->
<testsuite hostname="ubuntup51" failures="0" tests="2" name="autoLessons.AnnotationsTest" time="0.013" errors="0" timestamp="2023-11-15T11:38:23 PST" skipped="0">
  <testcase classname="autoLessons.AnnotationsTest" name="f" time="0.009"/>
  <testcase classname="autoLessons.AnnotationsTest" name="f" time="0.004"/>
</testsuite> <!-- autoLessons.AnnotationsTest -->
