<?xml version="1.0" encoding="UTF-8"?>
<!-- Generated by org.testng.reporters.JUnitReportReporter -->
<testsuite hostname="ubuntup51" failures="0" tests="2" name="autoLessons.DP_Objects" time="0.014" errors="0" timestamp="2023-11-17T08:57:33 PST" skipped="0">
  <testcase classname="autoLessons.DP_Objects" name="arrayTest" time="0.002"/>
  <testcase classname="autoLessons.DP_Objects" name="arrayTest" time="0.012"/>
</testsuite> <!-- autoLessons.DP_Objects -->
