<?xml version="1.0" encoding="UTF-8"?>
<!-- Generated by org.testng.reporters.JUnitReportReporter -->
<testsuite hostname="ubuntup51" failures="0" tests="8" name="autoLessons.ParallelTest" time="0.033" errors="0" timestamp="2023-11-18T10:01:21 PST" skipped="0">
  <testcase classname="autoLessons.ParallelTest" name="testMethod2" time="0.001"/>
  <testcase classname="autoLessons.ParallelTest" name="testMethod1" time="0.002"/>
  <testcase classname="autoLessons.ParallelTest" name="testMethod1" time="0.011"/>
  <testcase classname="autoLessons.ParallelTest" name="testMethod3" time="0.002"/>
  <testcase classname="autoLessons.ParallelTest" name="testMethod4" time="0.003"/>
  <testcase classname="autoLessons.ParallelTest" name="testMethod3" time="0.002"/>
  <testcase classname="autoLessons.ParallelTest" name="testMethod4" time="0.001"/>
  <testcase classname="autoLessons.ParallelTest" name="testMethod2" time="0.011"/>
</testsuite> <!-- autoLessons.ParallelTest -->
