<?xml version="1.0" encoding="UTF-8"?>
<!-- Generated by org.testng.reporters.JUnitReportReporter -->
<testsuite hostname="ubuntup51" failures="0" tests="3" name="autoLessons.DP_Test" time="0.010" errors="0" timestamp="2023-11-17T08:22:59 PST" skipped="0">
  <testcase classname="autoLessons.DP_Test" name="arrayTest" time="0.001"/>
  <testcase classname="autoLessons.DP_Test" name="arrayTest" time="0.002"/>
  <testcase classname="autoLessons.DP_Test" name="arrayTest" time="0.007"/>
</testsuite> <!-- autoLessons.DP_Test -->
