<?xml version="1.0" encoding="UTF-8"?>
<!-- Generated by org.testng.reporters.JUnitReportReporter -->
<testsuite hostname="ubuntup51" failures="0" tests="1" name="autoLessons.TestClass" time="0.012" errors="0" timestamp="2023-11-14T14:18:38 PST" skipped="0">
  <testcase classname="autoLessons.TestClass" name="launch" time="0.012"/>
</testsuite> <!-- autoLessons.TestClass -->
