<?xml version="1.0" encoding="UTF-8"?>
<!-- Generated by org.testng.reporters.JUnitReportReporter -->
<testsuite hostname="ubuntup51" failures="0" tests="2" name="autoLessons.Launch" time="19.392" errors="0" timestamp="2023-11-14T14:59:32 PST" skipped="0">
  <testcase classname="autoLessons.Launch" name="LaunchFacebook" time="8.853"/>
  <testcase classname="autoLessons.Launch" name="LaunchGoogle" time="10.539"/>
</testsuite> <!-- autoLessons.Launch -->
